<?xml version="1.0" encoding="UTF-8"?>
<!-- Generated by org.testng.reporters.JUnitReportReporter -->
<testsuite hostname="DESKTOP-VBPF5BK" failures="0" tests="5" name="testCases.TC_001_test" time="71.230" errors="0" timestamp="2024-05-15T15:00:22 IST" skipped="3">
  <testcase classname="testCases.TC_001_test" name="testLogin" time="32.074"/>
  <testcase classname="testCases.TC_001_test" name="LeadNewData" time="39.156"/>
  <testcase classname="testCases.TC_001_test" name="clickPermissions">
    <skipped/>
  </testcase> <!-- clickPermissions -->
  <testcase classname="testCases.TC_001_test" name="testCheckIVRStatus">
    <skipped/>
  </testcase> <!-- testCheckIVRStatus -->
  <testcase classname="testCases.TC_001_test" name="testCall">
    <skipped/>
  </testcase> <!-- testCall -->
</testsuite> <!-- testCases.TC_001_test -->
