<?xml version="1.0" encoding="UTF-8"?>
<!-- Generated by org.testng.reporters.JUnitReportReporter -->
<testsuite hostname="DESKTOP-VBPF5BK" failures="0" tests="1" name="testCases.TC_002_LeadsClicks" time="212.655" errors="0" timestamp="2024-05-20T13:25:49 IST" skipped="0">
  <testcase classname="testCases.TC_002_LeadsClicks" name="testLeadsClicks" time="212.655"/>
</testsuite> <!-- testCases.TC_002_LeadsClicks -->
