<?xml version="1.0" encoding="UTF-8"?>
<!-- Generated by org.testng.reporters.JUnitReportReporter -->
<testsuite hostname="DESKTOP-VBPF5BK" failures="0" tests="1" name="testCases.Attendances" time="332.835" errors="0" timestamp="2024-05-17T13:12:52 IST" skipped="0">
  <testcase classname="testCases.Attendances" name="testAttenDance" time="332.835"/>
</testsuite> <!-- testCases.Attendances -->
